2026-01-15 03:56:21 - DASHBOARD_UPDATER - UPDATE - Dashboard refreshed
- Pending emails: 6
- Unread WhatsApp: 5
- Tasks in Need Action: 8
- Tasks Completed: 0
- Error Count: 10
- Update successful

2026-01-15 03:56:40 - DASHBOARD_UPDATER - UPDATE - Dashboard refreshed
- Pending emails: 6
- Unread WhatsApp: 5
- Tasks in Need Action: 8
- Tasks Completed: 0
- Error Count: 11
- Update successful

2026-01-15 03:57:46 - DASHBOARD_UPDATER - UPDATE - Dashboard refreshed
- Pending emails: 6
- Unread WhatsApp: 5
- Tasks in Need Action: 8
- Tasks Completed: 0
- Error Count: 12
- Update successful

2026-01-15 03:58:36 - DASHBOARD_UPDATER - UPDATE - Dashboard refreshed
- Pending emails: 6
- Unread WhatsApp: 5
- Tasks in Need Action: 8
- Tasks Completed: 0
- Error Count: 13
- Update successful

2026-01-15 03:59:18 - DASHBOARD_UPDATER - UPDATE - Dashboard refreshed
- Pending emails: 6
- Unread WhatsApp: 5
- Tasks in Need Action: 8
- Tasks Completed: 0
- Error Count: 14
- Update successful

2026-01-17 23:59:51 - DASHBOARD_UPDATER - UPDATE - Dashboard refreshed
- Pending emails: 27
- Unread WhatsApp: 5
- Tasks in Need Action: 40
- Tasks Completed: 18
- Error Count: 106
- Update successful

2026-01-18 00:01:16 - DASHBOARD_UPDATER - UPDATE - Dashboard refreshed
- Pending emails: 27
- Unread WhatsApp: 5
- Tasks in Need Action: 40
- Tasks Completed: 18
- Error Count: 107
- Update successful

