2026-01-17 02:20:43,389 - __main__ - INFO - ============================================================
2026-01-17 02:20:43,389 - __main__ - INFO - DRAFT GENERATOR - AI-Powered Content Generation
2026-01-17 02:20:43,389 - __main__ - INFO - ============================================================
2026-01-17 02:20:43,394 - __main__ - INFO - Processing existing files in Needs_Action...
2026-01-17 02:20:43,425 - __main__ - INFO - WhatsApp draft created: WHATSAPP_REPLY_DRAFT_20260117_022043.md
2026-01-17 02:20:43,425 - __main__ - INFO - Generated draft for: 2026-01-09_WhatsApp_invoice.md
2026-01-17 02:20:43,447 - __main__ - INFO - WhatsApp draft created: WHATSAPP_REPLY_DRAFT_20260117_022043.md
2026-01-17 02:20:43,447 - __main__ - INFO - Generated draft for: 2026-01-09_WhatsApp__urgent.md
2026-01-17 02:20:43,485 - __main__ - INFO - Email draft created: EMAIL_REPLY_DRAFT_20260117_022043.md
2026-01-17 02:20:43,486 - __main__ - INFO - Generated draft for: EMAIL_20260109_Agentic Commerce on Arc Kick-Off Stream & LAST CHA.md
2026-01-17 02:20:43,514 - __main__ - INFO - Email draft created: EMAIL_REPLY_DRAFT_20260117_022043.md
2026-01-17 02:20:43,514 - __main__ - INFO - Generated draft for: EMAIL_20260109_Aimoshah, read this before your next trade.md
2026-01-17 02:20:43,549 - __main__ - INFO - Email draft created: EMAIL_REPLY_DRAFT_20260117_022043.md
2026-01-17 02:20:43,549 - __main__ - INFO - Generated draft for: EMAIL_20260109_Build Faster, Design Better, Get Paid Replit's Lat.md
2026-01-17 02:20:43,582 - __main__ - INFO - Email draft created: EMAIL_REPLY_DRAFT_20260117_022043.md
2026-01-17 02:20:43,582 - __main__ - INFO - Generated draft for: EMAIL_20260109_Learn how to capture profits from your apps.md
2026-01-17 02:20:43,618 - __main__ - INFO - Email draft created: EMAIL_REPLY_DRAFT_20260117_022043.md
2026-01-17 02:20:43,618 - __main__ - INFO - Generated draft for: EMAIL_20260109_Thursday Stripe x Replit Fireside Chat.md
2026-01-17 02:20:43,655 - __main__ - INFO - Email draft created: EMAIL_REPLY_DRAFT_20260117_022043.md
2026-01-17 02:20:43,655 - __main__ - INFO - Generated draft for: EMAIL_20260109_You asked for it. Stripe Live Build Part 2 is tomo.md
2026-01-17 02:20:43,688 - __main__ - INFO - Email draft created: EMAIL_REPLY_DRAFT_20260117_022043.md
2026-01-17 02:20:43,689 - __main__ - INFO - Generated draft for: EMAIL_20260116_073226_needs_action_email.md
2026-01-17 02:20:43,713 - __main__ - INFO - Email draft created: EMAIL_REPLY_DRAFT_20260117_022043.md
2026-01-17 02:20:43,713 - __main__ - INFO - Generated draft for: EMAIL_20260116_074446_needs_action_email.md
2026-01-17 02:20:43,738 - __main__ - INFO - Email draft created: EMAIL_REPLY_DRAFT_20260117_022043.md
2026-01-17 02:20:43,738 - __main__ - INFO - Generated draft for: EMAIL_20260116_074942_needs_action_email.md
2026-01-17 02:20:43,765 - __main__ - INFO - Email draft created: EMAIL_REPLY_DRAFT_20260117_022043.md
2026-01-17 02:20:43,765 - __main__ - INFO - Generated draft for: EMAIL_20260116_075046_needs_action_email.md
2026-01-17 02:20:43,790 - __main__ - INFO - Email draft created: EMAIL_REPLY_DRAFT_20260117_022043.md
2026-01-17 02:20:43,790 - __main__ - INFO - Generated draft for: EMAIL_20260116_075326_needs_action_email.md
2026-01-17 02:20:43,818 - __main__ - INFO - Email draft created: EMAIL_REPLY_DRAFT_20260117_022043.md
2026-01-17 02:20:43,818 - __main__ - INFO - Generated draft for: EMAIL_20260116_230435_needs_action_email.md
2026-01-17 02:20:43,842 - __main__ - INFO - Email draft created: EMAIL_REPLY_DRAFT_20260117_022043.md
2026-01-17 02:20:43,842 - __main__ - INFO - Generated draft for: EMAIL_20260117_003842_needs_action_email.md
2026-01-17 02:20:43,847 - __main__ - INFO - Email draft created: EMAIL_REPLY_DRAFT_20260117_022043.md
2026-01-17 02:20:43,849 - __main__ - INFO - Generated draft for: test_email.md
2026-01-17 02:20:43,851 - __main__ - INFO - Monitoring: C:\Users\LENOVO X1 YOGA\Desktop\hakathone zero\AI_Employee_vault\Needs_Action
2026-01-17 02:20:43,851 - __main__ - INFO - Press Ctrl+C to stop

2026-01-17 02:25:51,068 - __main__ - INFO - 
Shutting down Draft Generator...
2026-01-17 02:25:51,075 - __main__ - INFO - Draft Generator stopped
2026-01-17 15:12:49,936 - __main__ - INFO - ============================================================
2026-01-17 15:12:49,937 - __main__ - INFO - DRAFT GENERATOR - AI-Powered Content Generation
2026-01-17 15:12:49,937 - __main__ - INFO - ============================================================
2026-01-17 15:12:49,940 - __main__ - INFO - Processing existing files in Needs_Action...
2026-01-17 15:12:49,968 - __main__ - INFO - WhatsApp draft created: WHATSAPP_REPLY_DRAFT_20260117_151249.md
2026-01-17 15:12:49,968 - __main__ - INFO - Generated draft for: 2026-01-09_WhatsApp_invoice.md
2026-01-17 15:12:49,997 - __main__ - INFO - WhatsApp draft created: WHATSAPP_REPLY_DRAFT_20260117_151249.md
2026-01-17 15:12:49,998 - __main__ - INFO - Generated draft for: 2026-01-09_WhatsApp__urgent.md
2026-01-17 15:12:50,003 - __main__ - INFO - Email draft created: EMAIL_REPLY_DRAFT_20260117_151250.md
2026-01-17 15:12:50,003 - __main__ - INFO - Generated draft for: EMAIL_20260109_Agentic Commerce on Arc Kick-Off Stream & LAST CHA.md
2026-01-17 15:12:50,007 - __main__ - INFO - Email draft created: EMAIL_REPLY_DRAFT_20260117_151250.md
2026-01-17 15:12:50,007 - __main__ - INFO - Generated draft for: EMAIL_20260109_Aimoshah, read this before your next trade.md
2026-01-17 15:12:50,011 - __main__ - INFO - Email draft created: EMAIL_REPLY_DRAFT_20260117_151250.md
2026-01-17 15:12:50,012 - __main__ - INFO - Generated draft for: EMAIL_20260109_Build Faster, Design Better, Get Paid Replit's Lat.md
2026-01-17 15:12:50,014 - __main__ - INFO - Email draft created: EMAIL_REPLY_DRAFT_20260117_151250.md
2026-01-17 15:12:50,015 - __main__ - INFO - Generated draft for: EMAIL_20260109_Learn how to capture profits from your apps.md
2026-01-17 15:12:50,018 - __main__ - INFO - Email draft created: EMAIL_REPLY_DRAFT_20260117_151250.md
2026-01-17 15:12:50,018 - __main__ - INFO - Generated draft for: EMAIL_20260109_Thursday Stripe x Replit Fireside Chat.md
2026-01-17 15:12:50,021 - __main__ - INFO - Email draft created: EMAIL_REPLY_DRAFT_20260117_151250.md
2026-01-17 15:12:50,021 - __main__ - INFO - Generated draft for: EMAIL_20260109_You asked for it. Stripe Live Build Part 2 is tomo.md
2026-01-17 15:12:50,027 - __main__ - INFO - Email draft created: EMAIL_REPLY_DRAFT_20260117_151250.md
2026-01-17 15:12:50,028 - __main__ - INFO - Generated draft for: EMAIL_20260116_073226_needs_action_email.md
2026-01-17 15:12:50,033 - __main__ - INFO - Email draft created: EMAIL_REPLY_DRAFT_20260117_151250.md
2026-01-17 15:12:50,033 - __main__ - INFO - Generated draft for: EMAIL_20260116_074446_needs_action_email.md
2026-01-17 15:12:50,041 - __main__ - INFO - Email draft created: EMAIL_REPLY_DRAFT_20260117_151250.md
2026-01-17 15:12:50,042 - __main__ - INFO - Generated draft for: EMAIL_20260116_074942_needs_action_email.md
2026-01-17 15:12:50,048 - __main__ - INFO - Email draft created: EMAIL_REPLY_DRAFT_20260117_151250.md
2026-01-17 15:12:50,048 - __main__ - INFO - Generated draft for: EMAIL_20260116_075046_needs_action_email.md
2026-01-17 15:12:50,054 - __main__ - INFO - Email draft created: EMAIL_REPLY_DRAFT_20260117_151250.md
2026-01-17 15:12:50,054 - __main__ - INFO - Generated draft for: EMAIL_20260116_075326_needs_action_email.md
2026-01-17 15:12:50,061 - __main__ - INFO - Email draft created: EMAIL_REPLY_DRAFT_20260117_151250.md
2026-01-17 15:12:50,062 - __main__ - INFO - Generated draft for: EMAIL_20260116_230435_needs_action_email.md
2026-01-17 15:12:50,068 - __main__ - INFO - Email draft created: EMAIL_REPLY_DRAFT_20260117_151250.md
2026-01-17 15:12:50,068 - __main__ - INFO - Generated draft for: EMAIL_20260117_003842_needs_action_email.md
2026-01-17 15:12:50,103 - __main__ - INFO - Email draft created: EMAIL_REPLY_DRAFT_20260117_151250.md
2026-01-17 15:12:50,103 - __main__ - INFO - Generated draft for: EMAIL_20260117_151207_needs_action_email.md
2026-01-17 15:12:50,135 - __main__ - INFO - Unknown file type: INSTAGRAM_AI_POST_DRAFT_20260117.md
2026-01-17 15:12:50,190 - __main__ - INFO - Unknown file type: INSTAGRAM_AI_POST_SAMPLE_20260117_041116.md
2026-01-17 15:12:50,226 - __main__ - INFO - Unknown file type: INSTAGRAM_AI_POST_SAMPLE_20260117_041131.md
2026-01-17 15:12:50,291 - __main__ - INFO - LinkedIn draft created: LINKEDIN_POST_DRAFT_20260117_151250.md
2026-01-17 15:12:50,293 - __main__ - INFO - Generated draft for: LINKEDIN_POST_DRAFT_20260117.md
2026-01-17 15:12:50,334 - __main__ - INFO - Email draft created: EMAIL_REPLY_DRAFT_20260117_151250.md
2026-01-17 15:12:50,336 - __main__ - INFO - Generated draft for: test_email.md
2026-01-17 15:12:50,399 - __main__ - INFO - WhatsApp draft created: WHATSAPP_REPLY_DRAFT_20260117_151250.md
2026-01-17 15:12:50,399 - __main__ - INFO - Generated draft for: WHATSAPP_REPLY_TEMPLATES_20260117.md
2026-01-17 15:12:50,421 - __main__ - INFO - Monitoring: C:\Users\LENOVO X1 YOGA\Desktop\hakathone zero\AI_Employee_vault\Needs_Action
2026-01-17 15:12:50,421 - __main__ - INFO - Press Ctrl+C to stop

2026-01-17 15:17:07,277 - __main__ - INFO - New file detected: EMAIL_20260117_151707_needs_action_email.md
2026-01-17 15:17:08,301 - __main__ - INFO - Email draft created: EMAIL_REPLY_DRAFT_20260117_151708.md
2026-01-17 15:22:07,333 - __main__ - INFO - New file detected: EMAIL_20260117_152207_needs_action_email.md
2026-01-17 15:22:08,366 - __main__ - INFO - Email draft created: EMAIL_REPLY_DRAFT_20260117_152208.md
2026-01-17 15:27:07,409 - __main__ - INFO - New file detected: EMAIL_20260117_152707_needs_action_email.md
2026-01-17 15:27:08,446 - __main__ - INFO - Email draft created: EMAIL_REPLY_DRAFT_20260117_152708.md
2026-01-17 15:32:07,495 - __main__ - INFO - New file detected: EMAIL_20260117_153207_needs_action_email.md
2026-01-17 15:32:08,572 - __main__ - INFO - Email draft created: EMAIL_REPLY_DRAFT_20260117_153208.md
2026-01-17 15:37:07,668 - __main__ - INFO - New file detected: EMAIL_20260117_153707_needs_action_email.md
2026-01-17 15:37:08,712 - __main__ - INFO - Email draft created: EMAIL_REPLY_DRAFT_20260117_153708.md
2026-01-17 15:42:07,855 - __main__ - INFO - New file detected: EMAIL_20260117_154207_needs_action_email.md
2026-01-17 15:42:08,980 - __main__ - INFO - Email draft created: EMAIL_REPLY_DRAFT_20260117_154208.md
2026-01-17 15:42:08,982 - __main__ - INFO - New file detected: EMAIL_20260117_154208_needs_action_email.md
2026-01-17 15:42:10,045 - __main__ - INFO - Email draft created: EMAIL_REPLY_DRAFT_20260117_154210.md
2026-01-17 15:47:08,084 - __main__ - INFO - New file detected: EMAIL_20260117_154708_needs_action_email.md
2026-01-17 15:47:09,216 - __main__ - INFO - Email draft created: EMAIL_REPLY_DRAFT_20260117_154709.md
2026-01-17 15:48:54,221 - __main__ - INFO - ============================================================
2026-01-17 15:48:54,229 - __main__ - INFO - DRAFT GENERATOR - AI-Powered Content Generation
2026-01-17 15:48:54,229 - __main__ - INFO - ============================================================
2026-01-17 15:48:54,238 - __main__ - INFO - Processing existing files in Needs_Action...
2026-01-17 15:48:54,256 - __main__ - INFO - WhatsApp draft created: WHATSAPP_REPLY_DRAFT_20260117_154854.md
2026-01-17 15:48:54,259 - __main__ - INFO - Generated draft for: 2026-01-09_WhatsApp_invoice.md
2026-01-17 15:48:54,271 - __main__ - INFO - WhatsApp draft created: WHATSAPP_REPLY_DRAFT_20260117_154854.md
2026-01-17 15:48:54,271 - __main__ - INFO - Generated draft for: 2026-01-09_WhatsApp__urgent.md
2026-01-17 15:48:54,285 - __main__ - INFO - Email draft created: EMAIL_REPLY_DRAFT_20260117_154854.md
2026-01-17 15:48:54,287 - __main__ - INFO - Generated draft for: EMAIL_20260109_Agentic Commerce on Arc Kick-Off Stream & LAST CHA.md
2026-01-17 15:48:54,293 - __main__ - INFO - Email draft created: EMAIL_REPLY_DRAFT_20260117_154854.md
2026-01-17 15:48:54,293 - __main__ - INFO - Generated draft for: EMAIL_20260109_Aimoshah, read this before your next trade.md
2026-01-17 15:48:54,298 - __main__ - INFO - Email draft created: EMAIL_REPLY_DRAFT_20260117_154854.md
2026-01-17 15:48:54,298 - __main__ - INFO - Generated draft for: EMAIL_20260109_Build Faster, Design Better, Get Paid Replit's Lat.md
2026-01-17 15:48:54,302 - __main__ - INFO - Email draft created: EMAIL_REPLY_DRAFT_20260117_154854.md
2026-01-17 15:48:54,302 - __main__ - INFO - Generated draft for: EMAIL_20260109_Learn how to capture profits from your apps.md
2026-01-17 15:48:54,308 - __main__ - INFO - Email draft created: EMAIL_REPLY_DRAFT_20260117_154854.md
2026-01-17 15:48:54,308 - __main__ - INFO - Generated draft for: EMAIL_20260109_Thursday Stripe x Replit Fireside Chat.md
2026-01-17 15:48:54,310 - __main__ - INFO - Email draft created: EMAIL_REPLY_DRAFT_20260117_154854.md
2026-01-17 15:48:54,312 - __main__ - INFO - Generated draft for: EMAIL_20260109_You asked for it. Stripe Live Build Part 2 is tomo.md
2026-01-17 15:48:54,324 - __main__ - INFO - Email draft created: EMAIL_REPLY_DRAFT_20260117_154854.md
2026-01-17 15:48:54,324 - __main__ - INFO - Generated draft for: EMAIL_20260116_073226_needs_action_email.md
2026-01-17 15:48:54,331 - __main__ - INFO - Email draft created: EMAIL_REPLY_DRAFT_20260117_154854.md
2026-01-17 15:48:54,331 - __main__ - INFO - Generated draft for: EMAIL_20260116_074446_needs_action_email.md
2026-01-17 15:48:54,338 - __main__ - INFO - Email draft created: EMAIL_REPLY_DRAFT_20260117_154854.md
2026-01-17 15:48:54,338 - __main__ - INFO - Generated draft for: EMAIL_20260116_074942_needs_action_email.md
2026-01-17 15:48:54,343 - __main__ - INFO - Email draft created: EMAIL_REPLY_DRAFT_20260117_154854.md
2026-01-17 15:48:54,343 - __main__ - INFO - Generated draft for: EMAIL_20260116_075046_needs_action_email.md
2026-01-17 15:48:54,349 - __main__ - INFO - Email draft created: EMAIL_REPLY_DRAFT_20260117_154854.md
2026-01-17 15:48:54,352 - __main__ - INFO - Generated draft for: EMAIL_20260116_075326_needs_action_email.md
2026-01-17 15:48:54,358 - __main__ - INFO - Email draft created: EMAIL_REPLY_DRAFT_20260117_154854.md
2026-01-17 15:48:54,358 - __main__ - INFO - Generated draft for: EMAIL_20260116_230435_needs_action_email.md
2026-01-17 15:48:54,362 - __main__ - INFO - Email draft created: EMAIL_REPLY_DRAFT_20260117_154854.md
2026-01-17 15:48:54,364 - __main__ - INFO - Generated draft for: EMAIL_20260117_003842_needs_action_email.md
2026-01-17 15:48:54,368 - __main__ - INFO - Email draft created: EMAIL_REPLY_DRAFT_20260117_154854.md
2026-01-17 15:48:54,368 - __main__ - INFO - Generated draft for: EMAIL_20260117_151207_needs_action_email.md
2026-01-17 15:48:54,373 - __main__ - INFO - Email draft created: EMAIL_REPLY_DRAFT_20260117_154854.md
2026-01-17 15:48:54,373 - __main__ - INFO - Generated draft for: EMAIL_20260117_151707_needs_action_email.md
2026-01-17 15:48:54,378 - __main__ - INFO - Email draft created: EMAIL_REPLY_DRAFT_20260117_154854.md
2026-01-17 15:48:54,378 - __main__ - INFO - Generated draft for: EMAIL_20260117_152207_needs_action_email.md
2026-01-17 15:48:54,384 - __main__ - INFO - Email draft created: EMAIL_REPLY_DRAFT_20260117_154854.md
2026-01-17 15:48:54,384 - __main__ - INFO - Generated draft for: EMAIL_20260117_152707_needs_action_email.md
2026-01-17 15:48:54,388 - __main__ - INFO - Email draft created: EMAIL_REPLY_DRAFT_20260117_154854.md
2026-01-17 15:48:54,391 - __main__ - INFO - Generated draft for: EMAIL_20260117_153207_needs_action_email.md
2026-01-17 15:48:54,404 - __main__ - INFO - Email draft created: EMAIL_REPLY_DRAFT_20260117_154854.md
2026-01-17 15:48:54,404 - __main__ - INFO - Generated draft for: EMAIL_20260117_153707_needs_action_email.md
2026-01-17 15:48:54,408 - __main__ - INFO - Email draft created: EMAIL_REPLY_DRAFT_20260117_154854.md
2026-01-17 15:48:54,410 - __main__ - INFO - Generated draft for: EMAIL_20260117_154207_needs_action_email.md
2026-01-17 15:48:54,414 - __main__ - INFO - Email draft created: EMAIL_REPLY_DRAFT_20260117_154854.md
2026-01-17 15:48:54,414 - __main__ - INFO - Generated draft for: EMAIL_20260117_154208_needs_action_email.md
2026-01-17 15:48:54,420 - __main__ - INFO - Email draft created: EMAIL_REPLY_DRAFT_20260117_154854.md
2026-01-17 15:48:54,420 - __main__ - INFO - Generated draft for: EMAIL_20260117_154708_needs_action_email.md
2026-01-17 15:48:54,422 - __main__ - INFO - Unknown file type: INSTAGRAM_AI_POST_DRAFT_20260117.md
2026-01-17 15:48:54,424 - __main__ - INFO - Unknown file type: INSTAGRAM_AI_POST_SAMPLE_20260117_041116.md
2026-01-17 15:48:54,426 - __main__ - INFO - Unknown file type: INSTAGRAM_AI_POST_SAMPLE_20260117_041131.md
2026-01-17 15:48:54,483 - __main__ - INFO - LinkedIn draft created: LINKEDIN_POST_DRAFT_20260117_154854.md
2026-01-17 15:48:54,483 - __main__ - INFO - Generated draft for: linkedin_post_ai_trends_2026.md
2026-01-17 15:48:54,486 - __main__ - INFO - LinkedIn draft created: LINKEDIN_POST_DRAFT_20260117_154854.md
2026-01-17 15:48:54,486 - __main__ - INFO - Generated draft for: LINKEDIN_POST_DRAFT_20260117.md
2026-01-17 15:48:54,488 - __main__ - INFO - LinkedIn draft created: LINKEDIN_POST_DRAFT_20260117_154854.md
2026-01-17 15:48:54,488 - __main__ - INFO - Generated draft for: linkedin_post_hackathon_zero_2026.md
2026-01-17 15:48:54,490 - __main__ - INFO - Email draft created: EMAIL_REPLY_DRAFT_20260117_154854.md
2026-01-17 15:48:54,490 - __main__ - INFO - Generated draft for: test_email.md
2026-01-17 15:48:54,494 - __main__ - INFO - WhatsApp draft created: WHATSAPP_REPLY_DRAFT_20260117_154854.md
2026-01-17 15:48:54,494 - __main__ - INFO - Generated draft for: WHATSAPP_REPLY_TEMPLATES_20260117.md
2026-01-17 15:48:54,499 - __main__ - INFO - Monitoring: C:\Users\LENOVO X1 YOGA\Desktop\hakathone zero\AI_Employee_vault\Needs_Action
2026-01-17 15:48:54,499 - __main__ - INFO - Press Ctrl+C to stop

2026-01-17 15:52:08,967 - __main__ - INFO - New file detected: EMAIL_20260117_155208_needs_action_email.md
2026-01-17 15:52:10,035 - __main__ - INFO - Email draft created: EMAIL_REPLY_DRAFT_20260117_155210.md
2026-01-17 15:52:10,036 - __main__ - INFO - New file detected: EMAIL_20260117_155209_needs_action_email.md
2026-01-17 15:52:11,117 - __main__ - INFO - Email draft created: EMAIL_REPLY_DRAFT_20260117_155211.md
2026-01-17 15:57:09,137 - __main__ - INFO - New file detected: EMAIL_20260117_155709_needs_action_email.md
2026-01-17 15:57:10,269 - __main__ - INFO - Email draft created: EMAIL_REPLY_DRAFT_20260117_155710.md
