2026-01-16 04:03:59,276 - workflow_orchestrator - INFO - ======================================================================
2026-01-16 04:03:59,276 - workflow_orchestrator - INFO - AI EMPLOYEE WORKFLOW ORCHESTRATOR - MASTER COORDINATOR
2026-01-16 04:03:59,276 - workflow_orchestrator - INFO - ======================================================================
2026-01-16 04:03:59,276 - workflow_orchestrator - INFO - Initializing complete automation system...
2026-01-16 05:13:23,728 - __main__ - INFO - [OK] Directory structure verified
2026-01-16 05:13:23,728 - __main__ - INFO - ======================================================================
2026-01-16 05:13:23,728 - __main__ - INFO - AI EMPLOYEE WORKFLOW ORCHESTRATOR - MASTER COORDINATOR
2026-01-16 05:13:23,728 - __main__ - INFO - ======================================================================
2026-01-16 05:13:23,728 - __main__ - INFO - Initializing complete automation system...
2026-01-16 05:32:30,896 - __main__ - INFO - [OK] Directory structure verified
2026-01-16 05:32:30,912 - __main__ - INFO - ======================================================================
2026-01-16 05:32:30,912 - __main__ - INFO - AI EMPLOYEE WORKFLOW ORCHESTRATOR - MASTER COORDINATOR
2026-01-16 05:32:30,912 - __main__ - INFO - ======================================================================
2026-01-16 05:32:30,912 - __main__ - INFO - Initializing complete automation system...
2026-01-16 05:51:11,359 - __main__ - INFO - [OK] Directory structure verified
2026-01-16 05:51:11,359 - __main__ - INFO - ======================================================================
2026-01-16 05:51:11,359 - __main__ - INFO - AI EMPLOYEE WORKFLOW ORCHESTRATOR - MASTER COORDINATOR
2026-01-16 05:51:11,359 - __main__ - INFO - ======================================================================
2026-01-16 05:51:11,359 - __main__ - INFO - Initializing complete automation system...
2026-01-16 05:51:44,476 - __main__ - INFO - [OK] Directory structure verified
2026-01-16 05:51:44,477 - __main__ - INFO - ======================================================================
2026-01-16 05:51:44,477 - __main__ - INFO - AI EMPLOYEE WORKFLOW ORCHESTRATOR - MASTER COORDINATOR
2026-01-16 05:51:44,477 - __main__ - INFO - ======================================================================
2026-01-16 05:51:44,477 - __main__ - INFO - Initializing complete automation system...
2026-01-16 05:53:47,728 - __main__ - INFO - [OK] Directory structure verified
2026-01-16 05:53:47,728 - __main__ - INFO - ======================================================================
2026-01-16 05:53:47,728 - __main__ - INFO - AI EMPLOYEE WORKFLOW ORCHESTRATOR - MASTER COORDINATOR
2026-01-16 05:53:47,728 - __main__ - INFO - ======================================================================
2026-01-16 05:53:47,728 - __main__ - INFO - Initializing complete automation system...
2026-01-16 05:55:07,063 - __main__ - INFO - [OK] Directory structure verified
2026-01-16 05:55:07,063 - __main__ - INFO - ======================================================================
2026-01-16 05:55:07,064 - __main__ - INFO - AI EMPLOYEE WORKFLOW ORCHESTRATOR - MASTER COORDINATOR
2026-01-16 05:55:07,064 - __main__ - INFO - ======================================================================
2026-01-16 05:55:07,064 - __main__ - INFO - Initializing complete automation system...
2026-01-17 14:39:54,549 - __main__ - INFO - [OK] Directory structure verified
2026-01-17 14:39:54,554 - __main__ - INFO - ======================================================================
2026-01-17 14:39:54,554 - __main__ - INFO - AI EMPLOYEE WORKFLOW ORCHESTRATOR - MASTER COORDINATOR
2026-01-17 14:39:54,554 - __main__ - INFO - ======================================================================
2026-01-17 14:39:54,554 - __main__ - INFO - Initializing complete automation system...
2026-01-17 14:42:27,960 - __main__ - INFO - [OK] Directory structure verified
2026-01-17 14:42:27,962 - __main__ - INFO - ======================================================================
2026-01-17 14:42:27,962 - __main__ - INFO - AI EMPLOYEE WORKFLOW ORCHESTRATOR - MASTER COORDINATOR
2026-01-17 14:42:27,962 - __main__ - INFO - ======================================================================
2026-01-17 14:42:27,963 - __main__ - INFO - Initializing complete automation system...
2026-01-17 14:42:27,963 - __main__ - INFO - Starting AI Employee Automation System...
2026-01-17 15:13:01,863 - __main__ - INFO - [OK] Directory structure verified
2026-01-17 15:13:01,864 - __main__ - INFO - ======================================================================
2026-01-17 15:13:01,864 - __main__ - INFO - AI EMPLOYEE WORKFLOW ORCHESTRATOR - MASTER COORDINATOR
2026-01-17 15:13:01,864 - __main__ - INFO - ======================================================================
2026-01-17 15:13:01,864 - __main__ - INFO - Initializing complete automation system...
2026-01-17 15:13:01,865 - __main__ - INFO - Starting AI Employee Automation System...
2026-01-17 20:28:49,835 - __main__ - INFO - [OK] Directory structure verified
2026-01-17 20:28:49,835 - __main__ - INFO - ======================================================================
2026-01-17 20:28:49,835 - __main__ - INFO - AI EMPLOYEE WORKFLOW ORCHESTRATOR - MASTER COORDINATOR
2026-01-17 20:28:49,835 - __main__ - INFO - ======================================================================
2026-01-17 20:28:49,835 - __main__ - INFO - Initializing complete automation system...
2026-01-17 20:28:49,835 - __main__ - INFO - Starting AI Employee Automation System...
