2026-01-15 03:50:17,089 - INFO - Updating dashboard...
2026-01-15 03:50:17,106 - ERROR - Error updating dashboard: f-string expression part cannot include a backslash (generated_dashboard_updater.py, line 262)
2026-01-15 03:50:17,107 - INFO - Running system health check...
2026-01-15 03:50:17,164 - INFO - Health check passed
2026-01-15 03:50:17,165 - INFO - Generating plans...
2026-01-15 03:50:17,172 - ERROR - Error generating plans: 'PlanCreator' object has no attribute 'create_plan'
2026-01-15 03:53:17,978 - INFO - Generating plans...
2026-01-15 03:53:18,178 - INFO - Plan generated: PLAN_20260115_035318
2026-01-15 03:56:39,829 - INFO - Updating dashboard...
2026-01-15 03:56:40,670 - INFO - Running system health check...
2026-01-15 03:56:40,706 - INFO - Health check passed
2026-01-15 03:56:40,706 - INFO - Generating plans...
2026-01-15 03:56:40,778 - INFO - Plan generated: PLAN_20260115_035640
2026-01-15 03:57:46,523 - INFO - Running system health check...
2026-01-15 03:57:46,574 - INFO - Health check passed
2026-01-15 03:58:36,633 - INFO - Running system health check...
2026-01-15 03:58:36,689 - INFO - Health check passed
2026-01-15 03:59:18,483 - INFO - Running system health check...
2026-01-15 03:59:18,528 - INFO - Health check passed
2026-01-17 20:31:34,579 - __main__ - INFO - Smart Scheduler initialized
2026-01-17 20:31:34,581 - __main__ - INFO - ============================================================
2026-01-17 20:31:34,581 - __main__ - INFO - SMART SCHEDULER - Starting Automated Task Orchestration
2026-01-17 20:31:34,583 - __main__ - INFO - ============================================================
2026-01-17 20:31:34,583 - __main__ - INFO - Setting up scheduled tasks...
2026-01-17 20:31:34,647 - __main__ - INFO - 
Running initial task check...
2026-01-17 20:31:34,647 - __main__ - INFO - [TASK] Checking Needs_Action folder...
2026-01-17 20:31:34,647 - __main__ - INFO -   No files in Needs_Action to process
2026-01-17 20:31:34,651 - __main__ - INFO - Press Ctrl+C to stop

2026-01-17 21:43:22,371 - __main__ - INFO - [TASK] Checking Needs_Action folder...
2026-01-17 21:43:22,448 - __main__ - INFO -   No files in Needs_Action to process
2026-01-17 21:43:22,450 - __main__ - INFO - [TASK] Running Email watcher...
2026-01-17 21:43:22,453 - __main__ - WARNING -   email_watcher.py not found
2026-01-17 22:31:49,855 - __main__ - INFO - [TASK] Running WhatsApp watcher...
2026-01-17 22:31:49,865 - __main__ - WARNING -   whatsapp_watcher.py not found
2026-01-17 23:50:22,140 - __main__ - INFO - [TASK] Checking Needs_Action folder...
2026-01-17 23:50:22,290 - __main__ - INFO -   No files in Needs_Action to process
2026-01-17 23:50:22,290 - __main__ - INFO - [TASK] Running Email watcher...
2026-01-17 23:50:22,290 - __main__ - WARNING -   email_watcher.py not found
2026-01-17 23:50:22,292 - __main__ - INFO - [TASK] Running Twitter watcher...
2026-01-17 23:50:22,295 - __main__ - WARNING -   twitter/watcher.py not found
2026-01-17 23:59:51,492 - INFO - Running system health check...
2026-01-17 23:59:51,498 - INFO - Created missing directory: Rejected
2026-01-17 23:59:51,562 - WARNING - Health check issues: ['Missing directory: Rejected']
2026-01-18 00:01:15,927 - INFO - Running system health check...
2026-01-18 00:01:16,137 - INFO - Health check passed
2026-01-18 00:32:22,471 - __main__ - INFO - [TASK] Running WhatsApp watcher...
2026-01-18 00:32:22,490 - __main__ - WARNING -   whatsapp_watcher.py not found
2026-01-18 00:50:22,583 - __main__ - INFO - [TASK] Checking Needs_Action folder...
2026-01-18 00:50:22,624 - __main__ - INFO -   No files in Needs_Action to process
2026-01-18 00:50:22,625 - __main__ - INFO - [TASK] Running Email watcher...
2026-01-18 00:50:22,627 - __main__ - WARNING -   email_watcher.py not found
2026-01-18 01:59:22,764 - __main__ - INFO - [TASK] Checking Needs_Action folder...
2026-01-18 01:59:22,777 - __main__ - INFO -   No files in Needs_Action to process
2026-01-18 01:59:22,778 - __main__ - INFO - [TASK] Running Email watcher...
2026-01-18 01:59:22,778 - __main__ - WARNING -   email_watcher.py not found
2026-01-18 09:21:15,672 - __main__ - INFO - [TASK] Running LinkedIn watcher...
2026-01-18 09:21:15,678 - __main__ - WARNING -   linkedin_watcher.py not found
2026-01-18 09:21:15,680 - __main__ - INFO - [TASK] Running WhatsApp watcher...
2026-01-18 09:21:15,680 - __main__ - WARNING -   whatsapp_watcher.py not found
2026-01-18 09:21:15,683 - __main__ - INFO - [TASK] Running Twitter watcher...
2026-01-18 09:21:15,684 - __main__ - WARNING -   twitter/watcher.py not found
2026-01-18 09:21:15,686 - __main__ - INFO - [TASK] Checking Needs_Action folder...
2026-01-18 09:21:15,700 - __main__ - INFO -   No files in Needs_Action to process
2026-01-18 09:21:15,702 - __main__ - INFO - [TASK] Running Email watcher...
2026-01-18 09:21:15,702 - __main__ - WARNING -   email_watcher.py not found
2026-01-18 09:21:15,705 - __main__ - INFO - [TASK] Generating daily briefing...
2026-01-18 09:21:15,708 - __main__ - WARNING -   ceo_briefing_generator.py not found
2026-01-18 10:44:48,507 - __main__ - INFO - [TASK] Checking Needs_Action folder...
2026-01-18 10:44:48,569 - __main__ - INFO -   No files in Needs_Action to process
2026-01-18 10:44:48,569 - __main__ - INFO - [TASK] Running Email watcher...
2026-01-18 10:44:48,571 - __main__ - WARNING -   email_watcher.py not found
2026-01-18 19:39:09,926 - __main__ - INFO - [TASK] Running WhatsApp watcher...
2026-01-18 19:39:09,927 - __main__ - WARNING -   whatsapp_watcher.py not found
2026-01-18 19:39:09,929 - __main__ - INFO - [TASK] Checking Needs_Action folder...
2026-01-18 19:39:09,930 - __main__ - INFO -   No files in Needs_Action to process
2026-01-18 19:39:09,930 - __main__ - INFO - [TASK] Running Email watcher...
2026-01-18 19:39:09,930 - __main__ - WARNING -   email_watcher.py not found
2026-01-18 19:39:09,930 - __main__ - INFO - [TASK] Running Twitter watcher...
2026-01-18 19:39:09,930 - __main__ - WARNING -   twitter/watcher.py not found
2026-01-18 19:39:09,932 - __main__ - INFO - [TASK] Running LinkedIn watcher...
2026-01-18 19:39:09,932 - __main__ - WARNING -   linkedin_watcher.py not found
2026-01-19 01:13:33,997 - __main__ - INFO - [TASK] Checking Needs_Action folder...
2026-01-19 01:13:34,012 - __main__ - INFO -   No files in Needs_Action to process
2026-01-19 01:13:34,012 - __main__ - INFO - [TASK] Running Email watcher...
2026-01-19 01:13:34,014 - __main__ - WARNING -   email_watcher.py not found
2026-01-19 01:13:34,014 - __main__ - INFO - [TASK] Running WhatsApp watcher...
2026-01-19 01:13:34,014 - __main__ - WARNING -   whatsapp_watcher.py not found
2026-01-19 01:13:34,016 - __main__ - INFO - [TASK] Generating CEO weekly report...
2026-01-19 01:13:34,016 - __main__ - WARNING -   ceo_briefing_generator.py not found
2026-01-19 01:13:34,022 - __main__ - INFO - [TASK] Running Twitter watcher...
2026-01-19 01:13:34,022 - __main__ - WARNING -   twitter/watcher.py not found
2026-01-19 01:39:31,885 - __main__ - INFO - [TASK] Running LinkedIn watcher...
2026-01-19 01:39:31,918 - __main__ - WARNING -   linkedin_watcher.py not found
2026-01-19 02:14:31,962 - __main__ - INFO - [TASK] Checking Needs_Action folder...
2026-01-19 02:14:31,978 - __main__ - INFO -   No files in Needs_Action to process
2026-01-19 02:14:31,978 - __main__ - INFO - [TASK] Running Email watcher...
2026-01-19 02:14:31,978 - __main__ - WARNING -   email_watcher.py not found
2026-01-19 03:21:36,062 - __main__ - INFO - [TASK] Running WhatsApp watcher...
2026-01-19 03:21:36,130 - __main__ - WARNING -   whatsapp_watcher.py not found
2026-01-19 03:21:36,131 - __main__ - INFO - [TASK] Checking Needs_Action folder...
2026-01-19 03:21:36,162 - __main__ - INFO -   No files in Needs_Action to process
2026-01-19 03:21:36,163 - __main__ - INFO - [TASK] Running Email watcher...
2026-01-19 03:21:36,163 - __main__ - WARNING -   email_watcher.py not found
2026-01-19 04:13:36,225 - __main__ - INFO - [TASK] Running Twitter watcher...
2026-01-19 04:13:36,225 - __main__ - WARNING -   twitter/watcher.py not found
2026-01-19 04:21:36,241 - __main__ - INFO - [TASK] Checking Needs_Action folder...
2026-01-19 04:21:36,259 - __main__ - INFO -   Found 3 files to process
2026-01-19 04:21:36,263 - __main__ - WARNING -   plan_creator.py not found
2026-01-19 04:21:36,263 - __main__ - INFO - [TASK] Running Email watcher...
2026-01-19 04:21:36,263 - __main__ - WARNING -   email_watcher.py not found
2026-01-19 05:21:36,488 - __main__ - INFO - [TASK] Running WhatsApp watcher...
2026-01-19 05:21:36,564 - __main__ - WARNING -   whatsapp_watcher.py not found
2026-01-19 05:21:36,564 - __main__ - INFO - [TASK] Checking Needs_Action folder...
2026-01-19 05:21:36,571 - __main__ - INFO -   Found 3 files to process
2026-01-19 05:21:36,571 - __main__ - WARNING -   plan_creator.py not found
2026-01-19 05:21:36,573 - __main__ - INFO - [TASK] Running Email watcher...
2026-01-19 05:21:36,573 - __main__ - WARNING -   email_watcher.py not found
